{"/home/roman/projects/node-app-1/lesson-4/utils.js": {"path":"/home/roman/projects/node-app-1/lesson-4/utils.js","statementMap":{"0":{"start":{"line":1,"column":20},"end":{"line":1,"column":77}},"1":{"start":{"line":1,"column":29},"end":{"line":1,"column":77}},"2":{"start":{"line":3,"column":20},"end":{"line":11,"column":1}},"3":{"start":{"line":4,"column":12},"end":{"line":4,"column":14}},"4":{"start":{"line":6,"column":2},"end":{"line":8,"column":3}},"5":{"start":{"line":6,"column":15},"end":{"line":6,"column":16}},"6":{"start":{"line":7,"column":4},"end":{"line":7,"column":63}},"7":{"start":{"line":10,"column":2},"end":{"line":10,"column":13}},"8":{"start":{"line":13,"column":0},"end":{"line":16,"column":2}}},"fnMap":{"0":{"name":"(anonymous_0)","decl":{"start":{"line":1,"column":20},"end":{"line":1,"column":21}},"loc":{"start":{"line":1,"column":29},"end":{"line":1,"column":77}},"line":1},"1":{"name":"(anonymous_1)","decl":{"start":{"line":3,"column":20},"end":{"line":3,"column":21}},"loc":{"start":{"line":3,"column":29},"end":{"line":11,"column":1}},"line":3}},"branchMap":{},"s":{"0":1,"1":1,"2":1,"3":1,"4":1,"5":1,"6":11,"7":1,"8":1},"f":{"0":1,"1":1},"b":{},"_coverageSchema":"43e27e138ebf9cfc5966b082cf9a028302ed4184","hash":"86bf9564dfb850156dab2f7431966025c9e8d13b"}
}
